Electrostatic potential parameters

Grid information (see 1_default_grid.dat in Angstrom)
    Number of grid points:            1089

Quantum electrostatic potential (see 1_default_grid_esp.dat)

Constraints
    Charge constraints
        Total charge of   0.07071061 on the set   2
        Total charge of   0.08003699 on the set   3
        Total charge of  -0.46798650 on the set   4
        Total charge of   0.14093504 on the set   5
        Total charge of   0.00257396 on the set   6
        Total charge of   0.38455734 on the set   8
        Total charge of  -0.53318153 on the set   9
        Total charge of  -0.05571521 on the set  10
        Total charge of   0.35795631 on the set  12
        Total charge of  -0.49223168 on the set  13
        Total charge of  -0.10345785 on the set  14
        Total charge of   0.17443479 on the set  18
    Equality constraints
        Equal charges on atoms
                                 15  16  17
                                 19  20  21
                                 22  23  24

Restraint
    Hyperbolic restraint to a charge of zero
    Hydrogen atoms are not restrained
    resp_a:                           0.0010
    resp_b:                           0.1000

Fit

Electrostatic Potential Charges
   Center  Symbol       ESP      RESP
      1    C      -0.24935389 -0.20645937
      2    N       0.07071061  0.07071061
      3    C       0.08003699  0.08003699
      4    N      -0.46798650 -0.46798650
      5    C       0.14093504  0.14093504
      6    N       0.00257396  0.00257396
      7    C       0.03980195  0.01240581
      8    C       0.38455734  0.38455734
      9    O      -0.53318153 -0.53318153
     10    N      -0.05571521 -0.05571521
     11    C      -0.02558513 -0.01917319
     12    C       0.35795631  0.35795631
     13    O      -0.49223168 -0.49223168
     14    C      -0.10345785 -0.10345785
     15    H       0.12522197  0.11183900
     16    H       0.12522197  0.11183900
     17    H       0.12522197  0.11183900
     18    H       0.17443479  0.17443479
     19    H       0.04048286  0.04837467
     20    H       0.04048286  0.04837467
     21    H       0.04048286  0.04837467
     22    H       0.05979678  0.05798449
     23    H       0.05979678  0.05798449
     24    H       0.05979678  0.05798449
Total Charge:      0.00000000  0.00000000
